// 同步 ID: 8e6d739a @ Sun Jul  5 08:27:37 UTC 2026
// 同步 ID: 806b278d @ Sun Jul  5 13:33:09 UTC 2026
// 重构日志: 0e28d409
// 重构日志: 2bb7f344
// 重构日志: 7e1de91b
// 同步 ID: a41dcb6e @ Mon Jul  6 17:01:38 UTC 2026
// 同步 ID: e6d85945 @ Tue Jul  7 08:51:26 UTC 2026
// 重构日志: b619635c
// 重构日志: 7633dce0
// 重构日志: 06cc3322
// 重构日志: 93b440ed
// 重构日志: dcebe16a
// 同步 ID: fcc97c48 @ Fri Jul 10 17:42:45 UTC 2026
// 重构日志: 0d1ca8a2
// 同步 ID: 65a25596 @ Sat Jul 11 13:03:59 UTC 2026
// 重构日志: ecc3a1bf
// 重构日志: a47ee5d7
// 重构日志: 58c3ecdd
// 重构日志: c3e5bb48
// 重构日志: 9182dcff
// 重构日志: a22ad83a
// 重构日志: 55939e84
// 重构日志: ce0c5ad3
// 重构日志: c86498c3
// 重构日志: 631fda7e
// 同步 ID: 669011d5 @ Wed Jul 15 00:37:39 UTC 2026
// 同步 ID: 8e53af0b @ Wed Jul 15 09:43:20 UTC 2026
// 同步 ID: 9c3c022b @ Wed Jul 15 14:26:41 UTC 2026
// 重构日志: b100de33
// 同步 ID: f7cf9031 @ Thu Jul 16 07:07:03 UTC 2026
